<?xml version="1.0" encoding="UTF-8"?>
<testsuite name="com.sccs.JudgeApplicationTests" tests="1" skipped="0" failures="0" errors="0" timestamp="2023-02-06T03:22:16" hostname="DESKTOP-DOGVPUB" time="0.304">
  <properties/>
  <testcase name="contextLoads()" classname="com.sccs.JudgeApplicationTests" time="0.304"/>
  <system-out><![CDATA[12:22:14.061 [Test worker] DEBUG org.springframework.test.context.BootstrapUtils - Instantiating CacheAwareContextLoaderDelegate from class [org.springframework.test.context.cache.DefaultCacheAwareContextLoaderDelegate]
12:22:14.076 [Test worker] DEBUG org.springframework.test.context.BootstrapUtils - Instantiating BootstrapContext using constructor [public org.springframework.test.context.support.DefaultBootstrapContext(java.lang.Class,org.springframework.test.context.CacheAwareContextLoaderDelegate)]
12:22:14.111 [Test worker] DEBUG org.springframework.test.context.BootstrapUtils - Instantiating TestContextBootstrapper for test class [com.sccs.JudgeApplicationTests] from class [org.springframework.boot.test.context.SpringBootTestContextBootstrapper]
12:22:14.125 [Test worker] INFO org.springframework.boot.test.context.SpringBootTestContextBootstrapper - Neither @ContextConfiguration nor @ContextHierarchy found for test class [com.sccs.JudgeApplicationTests], using SpringBootContextLoader
12:22:14.129 [Test worker] DEBUG org.springframework.test.context.support.AbstractContextLoader - Did not detect default resource location for test class [com.sccs.JudgeApplicationTests]: class path resource [com/sccs/JudgeApplicationTests-context.xml] does not exist
12:22:14.130 [Test worker] DEBUG org.springframework.test.context.support.AbstractContextLoader - Did not detect default resource location for test class [com.sccs.JudgeApplicationTests]: class path resource [com/sccs/JudgeApplicationTestsContext.groovy] does not exist
12:22:14.130 [Test worker] INFO org.springframework.test.context.support.AbstractContextLoader - Could not detect default resource locations for test class [com.sccs.JudgeApplicationTests]: no resource found for suffixes {-context.xml, Context.groovy}.
12:22:14.131 [Test worker] INFO org.springframework.test.context.support.AnnotationConfigContextLoaderUtils - Could not detect default configuration classes for test class [com.sccs.JudgeApplicationTests]: JudgeApplicationTests does not declare any static, non-private, non-final, nested classes annotated with @Configuration.
12:22:14.177 [Test worker] DEBUG org.springframework.test.context.support.ActiveProfilesUtils - Could not find an 'annotation declaring class' for annotation type [org.springframework.test.context.ActiveProfiles] and class [com.sccs.JudgeApplicationTests]
12:22:14.247 [Test worker] DEBUG org.springframework.context.annotation.ClassPathScanningCandidateComponentProvider - Identified candidate component class: file [C:\Users\workspace\sccs-online-judge\build\classes\java\main\com\sccs\JudgeApplication.class]
12:22:14.249 [Test worker] INFO org.springframework.boot.test.context.SpringBootTestContextBootstrapper - Found @SpringBootConfiguration com.sccs.JudgeApplication for test class com.sccs.JudgeApplicationTests
12:22:14.360 [Test worker] DEBUG org.springframework.boot.test.context.SpringBootTestContextBootstrapper - @TestExecutionListeners is not present for class [com.sccs.JudgeApplicationTests]: using defaults.
12:22:14.360 [Test worker] INFO org.springframework.boot.test.context.SpringBootTestContextBootstrapper - Loaded default TestExecutionListener class names from location [META-INF/spring.factories]: [org.springframework.boot.test.autoconfigure.restdocs.RestDocsTestExecutionListener, org.springframework.boot.test.autoconfigure.web.client.MockRestServiceServerResetTestExecutionListener, org.springframework.boot.test.autoconfigure.web.servlet.MockMvcPrintOnlyOnFailureTestExecutionListener, org.springframework.boot.test.autoconfigure.web.servlet.WebDriverTestExecutionListener, org.springframework.boot.test.autoconfigure.webservices.client.MockWebServiceServerTestExecutionListener, org.springframework.boot.test.mock.mockito.MockitoTestExecutionListener, org.springframework.boot.test.mock.mockito.ResetMocksTestExecutionListener, org.springframework.test.context.web.ServletTestExecutionListener, org.springframework.test.context.support.DirtiesContextBeforeModesTestExecutionListener, org.springframework.test.context.event.ApplicationEventsTestExecutionListener, org.springframework.test.context.support.DependencyInjectionTestExecutionListener, org.springframework.test.context.support.DirtiesContextTestExecutionListener, org.springframework.test.context.transaction.TransactionalTestExecutionListener, org.springframework.test.context.jdbc.SqlScriptsTestExecutionListener, org.springframework.test.context.event.EventPublishingTestExecutionListener]
12:22:14.374 [Test worker] DEBUG org.springframework.boot.test.context.SpringBootTestContextBootstrapper - Skipping candidate TestExecutionListener [org.springframework.test.context.transaction.TransactionalTestExecutionListener] due to a missing dependency. Specify custom listener classes or make the default listener classes and their required dependencies available. Offending class: [org/springframework/transaction/interceptor/TransactionAttributeSource]
12:22:14.375 [Test worker] DEBUG org.springframework.boot.test.context.SpringBootTestContextBootstrapper - Skipping candidate TestExecutionListener [org.springframework.test.context.jdbc.SqlScriptsTestExecutionListener] due to a missing dependency. Specify custom listener classes or make the default listener classes and their required dependencies available. Offending class: [org/springframework/transaction/interceptor/TransactionAttribute]
12:22:14.375 [Test worker] INFO org.springframework.boot.test.context.SpringBootTestContextBootstrapper - Using TestExecutionListeners: [org.springframework.test.context.web.ServletTestExecutionListener@21337f7b, org.springframework.test.context.support.DirtiesContextBeforeModesTestExecutionListener@2bb3058, org.springframework.test.context.event.ApplicationEventsTestExecutionListener@7a362b6b, org.springframework.boot.test.mock.mockito.MockitoTestExecutionListener@60df60da, org.springframework.boot.test.autoconfigure.SpringBootDependencyInjectionTestExecutionListener@5a2d131d, org.springframework.test.context.support.DirtiesContextTestExecutionListener@14fc1f0, org.springframework.test.context.event.EventPublishingTestExecutionListener@4ae9cfc1, org.springframework.boot.test.autoconfigure.restdocs.RestDocsTestExecutionListener@512baff6, org.springframework.boot.test.autoconfigure.web.client.MockRestServiceServerResetTestExecutionListener@632ceb35, org.springframework.boot.test.autoconfigure.web.servlet.MockMvcPrintOnlyOnFailureTestExecutionListener@1c93f6e1, org.springframework.boot.test.autoconfigure.web.servlet.WebDriverTestExecutionListener@1800a575, org.springframework.boot.test.autoconfigure.webservices.client.MockWebServiceServerTestExecutionListener@1458ed9c, org.springframework.boot.test.mock.mockito.ResetMocksTestExecutionListener@10a9d961]
12:22:14.379 [Test worker] DEBUG org.springframework.test.context.support.AbstractDirtiesContextTestExecutionListener - Before test class: context [DefaultTestContext@265adfad testClass = JudgeApplicationTests, testInstance = [null], testMethod = [null], testException = [null], mergedContextConfiguration = [WebMergedContextConfiguration@a3d9978 testClass = JudgeApplicationTests, locations = '{}', classes = '{class com.sccs.JudgeApplication}', contextInitializerClasses = '[]', activeProfiles = '{}', propertySourceLocations = '{}', propertySourceProperties = '{org.springframework.boot.test.context.SpringBootTestContextBootstrapper=true}', contextCustomizers = set[org.springframework.boot.test.autoconfigure.actuate.metrics.MetricsExportContextCustomizerFactory$DisableMetricExportContextCustomizer@33065d67, org.springframework.boot.test.autoconfigure.properties.PropertyMappingContextCustomizer@0, org.springframework.boot.test.autoconfigure.web.servlet.WebDriverContextCustomizerFactory$Customizer@48075da3, org.springframework.boot.test.context.filter.ExcludeFilterContextCustomizer@cc43f62, org.springframework.boot.test.json.DuplicateJsonObjectContextCustomizerFactory$DuplicateJsonObjectContextCustomizer@16eb3ea3, org.springframework.boot.test.mock.mockito.MockitoContextCustomizer@0, org.springframework.boot.test.web.client.TestRestTemplateContextCustomizer@7d9d0818, org.springframework.boot.test.context.SpringBootTestArgs@1, org.springframework.boot.test.context.SpringBootTestWebEnvironment@2f177a4b], resourceBasePath = 'src/main/webapp', contextLoader = 'org.springframework.boot.test.context.SpringBootContextLoader', parent = [null]], attributes = map['org.springframework.test.context.web.ServletTestExecutionListener.activateListener' -> true]], class annotated with @DirtiesContext [false] with mode [null].

  .   ____          _            __ _ _
 /\\ / ___'_ __ _ _(_)_ __  __ _ \ \ \ \
( ( )\___ | '_ | '_| | '_ \/ _` | \ \ \ \
 \\/  ___)| |_)| | | | | || (_| |  ) ) ) )
  '  |____| .__|_| |_|_| |_\__, | / / / /
 =========|_|==============|___/=/_/_/_/
 :: Spring Boot ::                (v2.7.8)

2023-02-06 12:22:14.776  INFO 17652 --- [    Test worker] com.sccs.JudgeApplicationTests           : Starting JudgeApplicationTests using Java 1.8.0_202 on DESKTOP-DOGVPUB with PID 17652 (started by SSAFY in C:\Users\workspace\sccs-online-judge)
2023-02-06 12:22:14.778  INFO 17652 --- [    Test worker] com.sccs.JudgeApplicationTests           : No active profile set, falling back to 1 default profile: "default"
2023-02-06 12:22:16.431  INFO 17652 --- [    Test worker] com.sccs.JudgeApplicationTests           : Started JudgeApplicationTests in 2.011 seconds (JVM running for 3.649)
]]></system-out>
  <system-err><![CDATA[]]></system-err>
</testsuite>
